  NewHuffman.cpp
d:\Работа\Huffman\NewHuffman\NewHuffman\NewHuffman.cpp(152,1): warning C4267: =: преобразование из "size_t" в "int"; возможна потеря данных
d:\Работа\Huffman\NewHuffman\NewHuffman\NewHuffman.cpp(225,1): warning C4267: инициализация: преобразование из "size_t" в "int"; возможна потеря данных
d:\Работа\Huffman\NewHuffman\NewHuffman\NewHuffman.cpp(227,1): warning C4267: =: преобразование из "size_t" в "int"; возможна потеря данных
d:\Работа\Huffman\NewHuffman\NewHuffman\NewHuffman.cpp(254,24): warning C4477: "fprintf": в строке форматирования "%08X" требуется аргумент типа "unsigned int", но вариативный аргумент "1" имеет тип "unsigned __int64"
d:\Работа\Huffman\NewHuffman\NewHuffman\NewHuffman.cpp(254,24): message : рекомендуется использовать "%llX" в строке форматирования
d:\Работа\Huffman\NewHuffman\NewHuffman\NewHuffman.cpp(254,24): message : рекомендуется использовать "%IX" в строке форматирования
d:\Работа\Huffman\NewHuffman\NewHuffman\NewHuffman.cpp(254,24): message : рекомендуется использовать "%I64X" в строке форматирования
d:\Работа\Huffman\NewHuffman\NewHuffman\NewHuffman.cpp(257,24): warning C4477: "fprintf": в строке форматирования "%08X" требуется аргумент типа "unsigned int", но вариативный аргумент "1" имеет тип "unsigned __int64"
d:\Работа\Huffman\NewHuffman\NewHuffman\NewHuffman.cpp(257,24): message : рекомендуется использовать "%llX" в строке форматирования
d:\Работа\Huffman\NewHuffman\NewHuffman\NewHuffman.cpp(257,24): message : рекомендуется использовать "%IX" в строке форматирования
d:\Работа\Huffman\NewHuffman\NewHuffman\NewHuffman.cpp(257,24): message : рекомендуется использовать "%I64X" в строке форматирования
d:\Работа\Huffman\NewHuffman\NewHuffman\NewHuffman.cpp(512,9): warning C4477: "printf": в строке форматирования "%d" требуется аргумент типа "int", но вариативный аргумент "1" имеет тип "unsigned __int64"
d:\Работа\Huffman\NewHuffman\NewHuffman\NewHuffman.cpp(512,9): message : рекомендуется использовать "%zd" в строке форматирования
d:\Работа\Huffman\NewHuffman\NewHuffman\NewHuffman.cpp(483,6): warning C4101: temp: неиспользованная локальная переменная
  Создание кода
  1 of 1034 functions (<0.1%) were compiled, the rest were copied from previous compilation.
    0 functions were new in current compilation
    3 functions had inline decision re-evaluated but remain unchanged
  Создание кода завершено
  NewHuffman.vcxproj -> D:\Работа\Huffman\NewHuffman\x64\Release\NewHuffman.exe
